2017-08-31 22:59:19,651 DEBUG    root            Loaded Command Group: ['gcloud', 'components']
2017-08-31 22:59:19,655 DEBUG    root            Loaded Command Group: ['gcloud', 'components', 'list']
2017-08-31 22:59:19,657 DEBUG    root            Running [gcloud.components.list] with arguments: [--quiet: "True"]
2017-08-31 22:59:19,659 INFO     root            Display format "table[box,title="Components"](state.name:label=Status,name:label=Name,id:label=ID,size.size(zero="",min=1048576):label=Size:align=right)".
2017-08-31 22:59:20,238 INFO     ___FILE_ONLY___ 
Your current Cloud SDK version is: 169.0.0

2017-08-31 22:59:20,239 INFO     ___FILE_ONLY___ The latest available version is: 169.0.0

2017-08-31 22:59:20,239 INFO     ___FILE_ONLY___ 

2017-08-31 22:59:20,254 INFO     ___FILE_ONLY___ ┌─────────────────────────────────────────────────────────────────────────────────────────────────────────────┐
2017-08-31 22:59:20,255 INFO     ___FILE_ONLY___ 

2017-08-31 22:59:20,255 INFO     ___FILE_ONLY___ │                                                  Components                                                 │
2017-08-31 22:59:20,255 INFO     ___FILE_ONLY___ 

2017-08-31 22:59:20,255 INFO     ___FILE_ONLY___ ├───────────────┬──────────────────────────────────────────────────────┬──────────────────────────┬───────────┤
2017-08-31 22:59:20,255 INFO     ___FILE_ONLY___ 

2017-08-31 22:59:20,255 INFO     ___FILE_ONLY___ │     Status    │                         Name                         │            ID            │    Size   │
2017-08-31 22:59:20,255 INFO     ___FILE_ONLY___ 

2017-08-31 22:59:20,256 INFO     ___FILE_ONLY___ ├───────────────┼──────────────────────────────────────────────────────┼──────────────────────────┼───────────┤
2017-08-31 22:59:20,256 INFO     ___FILE_ONLY___ 

2017-08-31 22:59:20,256 INFO     ___FILE_ONLY___ │ 
2017-08-31 22:59:20,256 INFO     ___FILE_ONLY___ Not Installed
2017-08-31 22:59:20,256 INFO     ___FILE_ONLY___  
2017-08-31 22:59:20,256 INFO     ___FILE_ONLY___ │ 
2017-08-31 22:59:20,257 INFO     ___FILE_ONLY___ App Engine Go Extensions                            
2017-08-31 22:59:20,257 INFO     ___FILE_ONLY___  
2017-08-31 22:59:20,257 INFO     ___FILE_ONLY___ │ 
2017-08-31 22:59:20,257 INFO     ___FILE_ONLY___ app-engine-go           
2017-08-31 22:59:20,257 INFO     ___FILE_ONLY___  
2017-08-31 22:59:20,257 INFO     ___FILE_ONLY___ │ 
2017-08-31 22:59:20,257 INFO     ___FILE_ONLY___  97.7 MiB
2017-08-31 22:59:20,257 INFO     ___FILE_ONLY___  
2017-08-31 22:59:20,258 INFO     ___FILE_ONLY___ │
2017-08-31 22:59:20,258 INFO     ___FILE_ONLY___ 

2017-08-31 22:59:20,258 INFO     ___FILE_ONLY___ │ 
2017-08-31 22:59:20,258 INFO     ___FILE_ONLY___ Not Installed
2017-08-31 22:59:20,258 INFO     ___FILE_ONLY___  
2017-08-31 22:59:20,258 INFO     ___FILE_ONLY___ │ 
2017-08-31 22:59:20,258 INFO     ___FILE_ONLY___ Cloud Bigtable Command Line Tool                    
2017-08-31 22:59:20,259 INFO     ___FILE_ONLY___  
2017-08-31 22:59:20,259 INFO     ___FILE_ONLY___ │ 
2017-08-31 22:59:20,259 INFO     ___FILE_ONLY___ cbt                     
2017-08-31 22:59:20,259 INFO     ___FILE_ONLY___  
2017-08-31 22:59:20,259 INFO     ___FILE_ONLY___ │ 
2017-08-31 22:59:20,260 INFO     ___FILE_ONLY___   4.0 MiB
2017-08-31 22:59:20,260 INFO     ___FILE_ONLY___  
2017-08-31 22:59:20,260 INFO     ___FILE_ONLY___ │
2017-08-31 22:59:20,260 INFO     ___FILE_ONLY___ 

2017-08-31 22:59:20,260 INFO     ___FILE_ONLY___ │ 
2017-08-31 22:59:20,260 INFO     ___FILE_ONLY___ Not Installed
2017-08-31 22:59:20,261 INFO     ___FILE_ONLY___  
2017-08-31 22:59:20,261 INFO     ___FILE_ONLY___ │ 
2017-08-31 22:59:20,261 INFO     ___FILE_ONLY___ Cloud Bigtable Emulator                             
2017-08-31 22:59:20,261 INFO     ___FILE_ONLY___  
2017-08-31 22:59:20,261 INFO     ___FILE_ONLY___ │ 
2017-08-31 22:59:20,261 INFO     ___FILE_ONLY___ bigtable                
2017-08-31 22:59:20,262 INFO     ___FILE_ONLY___  
2017-08-31 22:59:20,262 INFO     ___FILE_ONLY___ │ 
2017-08-31 22:59:20,262 INFO     ___FILE_ONLY___   3.5 MiB
2017-08-31 22:59:20,262 INFO     ___FILE_ONLY___  
2017-08-31 22:59:20,262 INFO     ___FILE_ONLY___ │
2017-08-31 22:59:20,262 INFO     ___FILE_ONLY___ 

2017-08-31 22:59:20,262 INFO     ___FILE_ONLY___ │ 
2017-08-31 22:59:20,262 INFO     ___FILE_ONLY___ Not Installed
2017-08-31 22:59:20,262 INFO     ___FILE_ONLY___  
2017-08-31 22:59:20,263 INFO     ___FILE_ONLY___ │ 
2017-08-31 22:59:20,263 INFO     ___FILE_ONLY___ Cloud Datalab Command Line Tool                     
2017-08-31 22:59:20,263 INFO     ___FILE_ONLY___  
2017-08-31 22:59:20,263 INFO     ___FILE_ONLY___ │ 
2017-08-31 22:59:20,263 INFO     ___FILE_ONLY___ datalab                 
2017-08-31 22:59:20,263 INFO     ___FILE_ONLY___  
2017-08-31 22:59:20,263 INFO     ___FILE_ONLY___ │ 
2017-08-31 22:59:20,263 INFO     ___FILE_ONLY___   < 1 MiB
2017-08-31 22:59:20,264 INFO     ___FILE_ONLY___  
2017-08-31 22:59:20,264 INFO     ___FILE_ONLY___ │
2017-08-31 22:59:20,264 INFO     ___FILE_ONLY___ 

2017-08-31 22:59:20,264 INFO     ___FILE_ONLY___ │ 
2017-08-31 22:59:20,264 INFO     ___FILE_ONLY___ Not Installed
2017-08-31 22:59:20,264 INFO     ___FILE_ONLY___  
2017-08-31 22:59:20,264 INFO     ___FILE_ONLY___ │ 
2017-08-31 22:59:20,265 INFO     ___FILE_ONLY___ Cloud Datastore Emulator                            
2017-08-31 22:59:20,265 INFO     ___FILE_ONLY___  
2017-08-31 22:59:20,265 INFO     ___FILE_ONLY___ │ 
2017-08-31 22:59:20,265 INFO     ___FILE_ONLY___ cloud-datastore-emulator
2017-08-31 22:59:20,265 INFO     ___FILE_ONLY___  
2017-08-31 22:59:20,265 INFO     ___FILE_ONLY___ │ 
2017-08-31 22:59:20,265 INFO     ___FILE_ONLY___  15.4 MiB
2017-08-31 22:59:20,265 INFO     ___FILE_ONLY___  
2017-08-31 22:59:20,265 INFO     ___FILE_ONLY___ │
2017-08-31 22:59:20,265 INFO     ___FILE_ONLY___ 

2017-08-31 22:59:20,265 INFO     ___FILE_ONLY___ │ 
2017-08-31 22:59:20,266 INFO     ___FILE_ONLY___ Not Installed
2017-08-31 22:59:20,266 INFO     ___FILE_ONLY___  
2017-08-31 22:59:20,266 INFO     ___FILE_ONLY___ │ 
2017-08-31 22:59:20,266 INFO     ___FILE_ONLY___ Cloud Datastore Emulator (Legacy)                   
2017-08-31 22:59:20,267 INFO     ___FILE_ONLY___  
2017-08-31 22:59:20,267 INFO     ___FILE_ONLY___ │ 
2017-08-31 22:59:20,267 INFO     ___FILE_ONLY___ gcd-emulator            
2017-08-31 22:59:20,267 INFO     ___FILE_ONLY___  
2017-08-31 22:59:20,267 INFO     ___FILE_ONLY___ │ 
2017-08-31 22:59:20,267 INFO     ___FILE_ONLY___  38.1 MiB
2017-08-31 22:59:20,267 INFO     ___FILE_ONLY___  
2017-08-31 22:59:20,267 INFO     ___FILE_ONLY___ │
2017-08-31 22:59:20,267 INFO     ___FILE_ONLY___ 

2017-08-31 22:59:20,268 INFO     ___FILE_ONLY___ │ 
2017-08-31 22:59:20,268 INFO     ___FILE_ONLY___ Not Installed
2017-08-31 22:59:20,268 INFO     ___FILE_ONLY___  
2017-08-31 22:59:20,268 INFO     ___FILE_ONLY___ │ 
2017-08-31 22:59:20,268 INFO     ___FILE_ONLY___ Cloud Pub/Sub Emulator                              
2017-08-31 22:59:20,268 INFO     ___FILE_ONLY___  
2017-08-31 22:59:20,269 INFO     ___FILE_ONLY___ │ 
2017-08-31 22:59:20,269 INFO     ___FILE_ONLY___ pubsub-emulator         
2017-08-31 22:59:20,269 INFO     ___FILE_ONLY___  
2017-08-31 22:59:20,269 INFO     ___FILE_ONLY___ │ 
2017-08-31 22:59:20,269 INFO     ___FILE_ONLY___  33.2 MiB
2017-08-31 22:59:20,269 INFO     ___FILE_ONLY___  
2017-08-31 22:59:20,269 INFO     ___FILE_ONLY___ │
2017-08-31 22:59:20,269 INFO     ___FILE_ONLY___ 

2017-08-31 22:59:20,270 INFO     ___FILE_ONLY___ │ 
2017-08-31 22:59:20,270 INFO     ___FILE_ONLY___ Not Installed
2017-08-31 22:59:20,270 INFO     ___FILE_ONLY___  
2017-08-31 22:59:20,270 INFO     ___FILE_ONLY___ │ 
2017-08-31 22:59:20,270 INFO     ___FILE_ONLY___ Emulator Reverse Proxy                              
2017-08-31 22:59:20,270 INFO     ___FILE_ONLY___  
2017-08-31 22:59:20,270 INFO     ___FILE_ONLY___ │ 
2017-08-31 22:59:20,271 INFO     ___FILE_ONLY___ emulator-reverse-proxy  
2017-08-31 22:59:20,271 INFO     ___FILE_ONLY___  
2017-08-31 22:59:20,271 INFO     ___FILE_ONLY___ │ 
2017-08-31 22:59:20,271 INFO     ___FILE_ONLY___  14.5 MiB
2017-08-31 22:59:20,271 INFO     ___FILE_ONLY___  
2017-08-31 22:59:20,271 INFO     ___FILE_ONLY___ │
2017-08-31 22:59:20,271 INFO     ___FILE_ONLY___ 

2017-08-31 22:59:20,271 INFO     ___FILE_ONLY___ │ 
2017-08-31 22:59:20,272 INFO     ___FILE_ONLY___ Not Installed
2017-08-31 22:59:20,272 INFO     ___FILE_ONLY___  
2017-08-31 22:59:20,272 INFO     ___FILE_ONLY___ │ 
2017-08-31 22:59:20,273 INFO     ___FILE_ONLY___ Google Container Local Builder                      
2017-08-31 22:59:20,273 INFO     ___FILE_ONLY___  
2017-08-31 22:59:20,273 INFO     ___FILE_ONLY___ │ 
2017-08-31 22:59:20,273 INFO     ___FILE_ONLY___ container-builder-local 
2017-08-31 22:59:20,274 INFO     ___FILE_ONLY___  
2017-08-31 22:59:20,274 INFO     ___FILE_ONLY___ │ 
2017-08-31 22:59:20,274 INFO     ___FILE_ONLY___   3.7 MiB
2017-08-31 22:59:20,274 INFO     ___FILE_ONLY___  
2017-08-31 22:59:20,274 INFO     ___FILE_ONLY___ │
2017-08-31 22:59:20,274 INFO     ___FILE_ONLY___ 

2017-08-31 22:59:20,274 INFO     ___FILE_ONLY___ │ 
2017-08-31 22:59:20,275 INFO     ___FILE_ONLY___ Not Installed
2017-08-31 22:59:20,275 INFO     ___FILE_ONLY___  
2017-08-31 22:59:20,275 INFO     ___FILE_ONLY___ │ 
2017-08-31 22:59:20,276 INFO     ___FILE_ONLY___ Google Container Registry's Docker credential helper
2017-08-31 22:59:20,276 INFO     ___FILE_ONLY___  
2017-08-31 22:59:20,276 INFO     ___FILE_ONLY___ │ 
2017-08-31 22:59:20,276 INFO     ___FILE_ONLY___ docker-credential-gcr   
2017-08-31 22:59:20,276 INFO     ___FILE_ONLY___  
2017-08-31 22:59:20,277 INFO     ___FILE_ONLY___ │ 
2017-08-31 22:59:20,277 INFO     ___FILE_ONLY___   2.2 MiB
2017-08-31 22:59:20,277 INFO     ___FILE_ONLY___  
2017-08-31 22:59:20,277 INFO     ___FILE_ONLY___ │
2017-08-31 22:59:20,277 INFO     ___FILE_ONLY___ 

2017-08-31 22:59:20,277 INFO     ___FILE_ONLY___ │ 
2017-08-31 22:59:20,277 INFO     ___FILE_ONLY___ Not Installed
2017-08-31 22:59:20,277 INFO     ___FILE_ONLY___  
2017-08-31 22:59:20,277 INFO     ___FILE_ONLY___ │ 
2017-08-31 22:59:20,278 INFO     ___FILE_ONLY___ gcloud Alpha Commands                               
2017-08-31 22:59:20,278 INFO     ___FILE_ONLY___  
2017-08-31 22:59:20,278 INFO     ___FILE_ONLY___ │ 
2017-08-31 22:59:20,278 INFO     ___FILE_ONLY___ alpha                   
2017-08-31 22:59:20,278 INFO     ___FILE_ONLY___  
2017-08-31 22:59:20,278 INFO     ___FILE_ONLY___ │ 
2017-08-31 22:59:20,279 INFO     ___FILE_ONLY___   < 1 MiB
2017-08-31 22:59:20,279 INFO     ___FILE_ONLY___  
2017-08-31 22:59:20,279 INFO     ___FILE_ONLY___ │
2017-08-31 22:59:20,279 INFO     ___FILE_ONLY___ 

2017-08-31 22:59:20,279 INFO     ___FILE_ONLY___ │ 
2017-08-31 22:59:20,279 INFO     ___FILE_ONLY___ Not Installed
2017-08-31 22:59:20,279 INFO     ___FILE_ONLY___  
2017-08-31 22:59:20,279 INFO     ___FILE_ONLY___ │ 
2017-08-31 22:59:20,280 INFO     ___FILE_ONLY___ gcloud Beta Commands                                
2017-08-31 22:59:20,280 INFO     ___FILE_ONLY___  
2017-08-31 22:59:20,280 INFO     ___FILE_ONLY___ │ 
2017-08-31 22:59:20,280 INFO     ___FILE_ONLY___ beta                    
2017-08-31 22:59:20,280 INFO     ___FILE_ONLY___  
2017-08-31 22:59:20,280 INFO     ___FILE_ONLY___ │ 
2017-08-31 22:59:20,281 INFO     ___FILE_ONLY___   < 1 MiB
2017-08-31 22:59:20,281 INFO     ___FILE_ONLY___  
2017-08-31 22:59:20,281 INFO     ___FILE_ONLY___ │
2017-08-31 22:59:20,281 INFO     ___FILE_ONLY___ 

2017-08-31 22:59:20,281 INFO     ___FILE_ONLY___ │ 
2017-08-31 22:59:20,281 INFO     ___FILE_ONLY___ Not Installed
2017-08-31 22:59:20,281 INFO     ___FILE_ONLY___  
2017-08-31 22:59:20,282 INFO     ___FILE_ONLY___ │ 
2017-08-31 22:59:20,282 INFO     ___FILE_ONLY___ gcloud app Java Extensions                          
2017-08-31 22:59:20,282 INFO     ___FILE_ONLY___  
2017-08-31 22:59:20,282 INFO     ___FILE_ONLY___ │ 
2017-08-31 22:59:20,282 INFO     ___FILE_ONLY___ app-engine-java         
2017-08-31 22:59:20,283 INFO     ___FILE_ONLY___  
2017-08-31 22:59:20,283 INFO     ___FILE_ONLY___ │ 
2017-08-31 22:59:20,283 INFO     ___FILE_ONLY___ 128.1 MiB
2017-08-31 22:59:20,283 INFO     ___FILE_ONLY___  
2017-08-31 22:59:20,283 INFO     ___FILE_ONLY___ │
2017-08-31 22:59:20,283 INFO     ___FILE_ONLY___ 

2017-08-31 22:59:20,284 INFO     ___FILE_ONLY___ │ 
2017-08-31 22:59:20,284 INFO     ___FILE_ONLY___ Not Installed
2017-08-31 22:59:20,284 INFO     ___FILE_ONLY___  
2017-08-31 22:59:20,284 INFO     ___FILE_ONLY___ │ 
2017-08-31 22:59:20,285 INFO     ___FILE_ONLY___ gcloud app PHP Extensions (Mac OS X)                
2017-08-31 22:59:20,285 INFO     ___FILE_ONLY___  
2017-08-31 22:59:20,285 INFO     ___FILE_ONLY___ │ 
2017-08-31 22:59:20,285 INFO     ___FILE_ONLY___ app-engine-php-darwin   
2017-08-31 22:59:20,286 INFO     ___FILE_ONLY___  
2017-08-31 22:59:20,286 INFO     ___FILE_ONLY___ │ 
2017-08-31 22:59:20,286 INFO     ___FILE_ONLY___  21.9 MiB
2017-08-31 22:59:20,286 INFO     ___FILE_ONLY___  
2017-08-31 22:59:20,286 INFO     ___FILE_ONLY___ │
2017-08-31 22:59:20,286 INFO     ___FILE_ONLY___ 

2017-08-31 22:59:20,286 INFO     ___FILE_ONLY___ │ 
2017-08-31 22:59:20,287 INFO     ___FILE_ONLY___ Not Installed
2017-08-31 22:59:20,287 INFO     ___FILE_ONLY___  
2017-08-31 22:59:20,287 INFO     ___FILE_ONLY___ │ 
2017-08-31 22:59:20,287 INFO     ___FILE_ONLY___ gcloud app Python Extensions                        
2017-08-31 22:59:20,287 INFO     ___FILE_ONLY___  
2017-08-31 22:59:20,287 INFO     ___FILE_ONLY___ │ 
2017-08-31 22:59:20,288 INFO     ___FILE_ONLY___ app-engine-python       
2017-08-31 22:59:20,288 INFO     ___FILE_ONLY___  
2017-08-31 22:59:20,288 INFO     ___FILE_ONLY___ │ 
2017-08-31 22:59:20,288 INFO     ___FILE_ONLY___   6.5 MiB
2017-08-31 22:59:20,288 INFO     ___FILE_ONLY___  
2017-08-31 22:59:20,288 INFO     ___FILE_ONLY___ │
2017-08-31 22:59:20,288 INFO     ___FILE_ONLY___ 

2017-08-31 22:59:20,288 INFO     ___FILE_ONLY___ │ 
2017-08-31 22:59:20,288 INFO     ___FILE_ONLY___ Not Installed
2017-08-31 22:59:20,288 INFO     ___FILE_ONLY___  
2017-08-31 22:59:20,288 INFO     ___FILE_ONLY___ │ 
2017-08-31 22:59:20,289 INFO     ___FILE_ONLY___ kubectl                                             
2017-08-31 22:59:20,289 INFO     ___FILE_ONLY___  
2017-08-31 22:59:20,289 INFO     ___FILE_ONLY___ │ 
2017-08-31 22:59:20,289 INFO     ___FILE_ONLY___ kubectl                 
2017-08-31 22:59:20,289 INFO     ___FILE_ONLY___  
2017-08-31 22:59:20,289 INFO     ___FILE_ONLY___ │ 
2017-08-31 22:59:20,289 INFO     ___FILE_ONLY___  15.9 MiB
2017-08-31 22:59:20,289 INFO     ___FILE_ONLY___  
2017-08-31 22:59:20,289 INFO     ___FILE_ONLY___ │
2017-08-31 22:59:20,289 INFO     ___FILE_ONLY___ 

2017-08-31 22:59:20,290 INFO     ___FILE_ONLY___ │ 
2017-08-31 22:59:20,290 INFO     ___FILE_ONLY___ Installed    
2017-08-31 22:59:20,290 INFO     ___FILE_ONLY___  
2017-08-31 22:59:20,290 INFO     ___FILE_ONLY___ │ 
2017-08-31 22:59:20,291 INFO     ___FILE_ONLY___ BigQuery Command Line Tool                          
2017-08-31 22:59:20,291 INFO     ___FILE_ONLY___  
2017-08-31 22:59:20,291 INFO     ___FILE_ONLY___ │ 
2017-08-31 22:59:20,291 INFO     ___FILE_ONLY___ bq                      
2017-08-31 22:59:20,291 INFO     ___FILE_ONLY___  
2017-08-31 22:59:20,291 INFO     ___FILE_ONLY___ │ 
2017-08-31 22:59:20,291 INFO     ___FILE_ONLY___   < 1 MiB
2017-08-31 22:59:20,291 INFO     ___FILE_ONLY___  
2017-08-31 22:59:20,291 INFO     ___FILE_ONLY___ │
2017-08-31 22:59:20,291 INFO     ___FILE_ONLY___ 

2017-08-31 22:59:20,292 INFO     ___FILE_ONLY___ │ 
2017-08-31 22:59:20,292 INFO     ___FILE_ONLY___ Installed    
2017-08-31 22:59:20,292 INFO     ___FILE_ONLY___  
2017-08-31 22:59:20,292 INFO     ___FILE_ONLY___ │ 
2017-08-31 22:59:20,292 INFO     ___FILE_ONLY___ Cloud SDK Core Libraries                            
2017-08-31 22:59:20,292 INFO     ___FILE_ONLY___  
2017-08-31 22:59:20,292 INFO     ___FILE_ONLY___ │ 
2017-08-31 22:59:20,292 INFO     ___FILE_ONLY___ core                    
2017-08-31 22:59:20,292 INFO     ___FILE_ONLY___  
2017-08-31 22:59:20,293 INFO     ___FILE_ONLY___ │ 
2017-08-31 22:59:20,293 INFO     ___FILE_ONLY___   6.7 MiB
2017-08-31 22:59:20,293 INFO     ___FILE_ONLY___  
2017-08-31 22:59:20,293 INFO     ___FILE_ONLY___ │
2017-08-31 22:59:20,293 INFO     ___FILE_ONLY___ 

2017-08-31 22:59:20,293 INFO     ___FILE_ONLY___ │ 
2017-08-31 22:59:20,293 INFO     ___FILE_ONLY___ Installed    
2017-08-31 22:59:20,293 INFO     ___FILE_ONLY___  
2017-08-31 22:59:20,293 INFO     ___FILE_ONLY___ │ 
2017-08-31 22:59:20,293 INFO     ___FILE_ONLY___ Cloud Storage Command Line Tool                     
2017-08-31 22:59:20,293 INFO     ___FILE_ONLY___  
2017-08-31 22:59:20,294 INFO     ___FILE_ONLY___ │ 
2017-08-31 22:59:20,294 INFO     ___FILE_ONLY___ gsutil                  
2017-08-31 22:59:20,294 INFO     ___FILE_ONLY___  
2017-08-31 22:59:20,294 INFO     ___FILE_ONLY___ │ 
2017-08-31 22:59:20,294 INFO     ___FILE_ONLY___   3.0 MiB
2017-08-31 22:59:20,294 INFO     ___FILE_ONLY___  
2017-08-31 22:59:20,294 INFO     ___FILE_ONLY___ │
2017-08-31 22:59:20,294 INFO     ___FILE_ONLY___ 

2017-08-31 22:59:20,294 INFO     ___FILE_ONLY___ │ 
2017-08-31 22:59:20,294 INFO     ___FILE_ONLY___ Installed    
2017-08-31 22:59:20,294 INFO     ___FILE_ONLY___  
2017-08-31 22:59:20,295 INFO     ___FILE_ONLY___ │ 
2017-08-31 22:59:20,295 INFO     ___FILE_ONLY___ Default set of gcloud commands                      
2017-08-31 22:59:20,295 INFO     ___FILE_ONLY___  
2017-08-31 22:59:20,295 INFO     ___FILE_ONLY___ │ 
2017-08-31 22:59:20,295 INFO     ___FILE_ONLY___ gcloud                  
2017-08-31 22:59:20,295 INFO     ___FILE_ONLY___  
2017-08-31 22:59:20,295 INFO     ___FILE_ONLY___ │ 
2017-08-31 22:59:20,295 INFO     ___FILE_ONLY___          
2017-08-31 22:59:20,295 INFO     ___FILE_ONLY___  
2017-08-31 22:59:20,295 INFO     ___FILE_ONLY___ │
2017-08-31 22:59:20,296 INFO     ___FILE_ONLY___ 

2017-08-31 22:59:20,296 INFO     ___FILE_ONLY___ └───────────────┴──────────────────────────────────────────────────────┴──────────────────────────┴───────────┘
2017-08-31 22:59:20,296 INFO     ___FILE_ONLY___ 

2017-08-31 22:59:20,296 INFO     ___FILE_ONLY___ To install or remove components at your current SDK version [169.0.0], run:
  $ gcloud components install COMPONENT_ID
  $ gcloud components remove COMPONENT_ID

To update your SDK installation to the latest version [169.0.0], run:
  $ gcloud components update


